
/home/runner/work/exp-energy-band-gap-iitk/exp-energy-band-gap-iitk/experiment/simulation/js/bootstrap.min.js
  6:71     warning  'exports' is not defined                                                   no-undef
  6:79     warning  'require' is not defined                                                   no-undef
  6:97     warning  'require' is not defined                                                   no-undef
  6:146    warning  'define' is not defined                                                    no-undef
  6:157    warning  'define' is not defined                                                    no-undef
  6:939    warning  Do not access Object.prototype method 'hasOwnProperty' from target object  no-prototype-builtins
  6:984    warning  Do not access Object.prototype method 'hasOwnProperty' from target object  no-prototype-builtins
  6:34608  warning  'e' is defined but never used                                              no-unused-vars

/home/runner/work/exp-energy-band-gap-iitk/exp-energy-band-gap-iitk/experiment/simulation/js/graph.ob.js
  1:745  warning  'b' is already defined  no-redeclare

/home/runner/work/exp-energy-band-gap-iitk/exp-energy-band-gap-iitk/experiment/simulation/js/graph_use.ob.js
  1:103  warning  'drawgraph' is defined but never used  no-unused-vars
  1:163  warning  'CanvasJS' is not defined              no-undef

/home/runner/work/exp-energy-band-gap-iitk/exp-energy-band-gap-iitk/experiment/simulation/js/graph_use2.ob.js
  1:100  warning  'drawgraph2' is defined but never used  no-unused-vars
  1:193  warning  'CanvasJS' is not defined               no-undef

/home/runner/work/exp-energy-band-gap-iitk/exp-energy-band-gap-iitk/experiment/simulation/js/javascript.js
     1:11  warning  'main' is defined but never used             no-unused-vars
     2:6   warning  'btn_main' is not defined                    no-undef
     3:6   warning  'btn_main2' is not defined                   no-undef
     9:11  warning  'main2' is defined but never used            no-unused-vars
    10:6   warning  'btn_main2' is not defined                   no-undef
    11:6   warning  'btn_main' is not defined                    no-undef
    14:10  warning  'cont' is defined but never used             no-unused-vars
    37:10  warning  'connect_wire' is defined but never used     no-unused-vars
    42:10  warning  'cl1' is defined but never used              no-unused-vars
    45:11  warning  'cl2' is defined but never used              no-unused-vars
    52:11  warning  'cl3' is defined but never used              no-unused-vars
    55:11  warning  'cl4' is defined but never used              no-unused-vars
   136:13  warning  'canvas' is not defined                      no-undef
   137:13  warning  'canvas' is not defined                      no-undef
   138:13  warning  'canvas' is not defined                      no-undef
   139:13  warning  'canvas' is not defined                      no-undef
   140:13  warning  'canvas' is not defined                      no-undef
   141:13  warning  'canvas' is not defined                      no-undef
   143:13  warning  'canvas' is not defined                      no-undef
   144:13  warning  'canvas' is not defined                      no-undef
   145:13  warning  'canvas' is not defined                      no-undef
   147:13  warning  'canvas' is not defined                      no-undef
   148:13  warning  'canvas' is not defined                      no-undef
   160:44  warning  Empty block statement                        no-empty
   162:16  warning  Empty block statement                        no-empty
   198:9   warning  'canvas' is not defined                      no-undef
   199:9   warning  'canvas' is not defined                      no-undef
   201:9   warning  'canvas' is not defined                      no-undef
   202:9   warning  'canvas' is not defined                      no-undef
   204:13  warning  'canvas' is not defined                      no-undef
   205:13  warning  'canvas' is not defined                      no-undef
   207:13  warning  'canvas' is not defined                      no-undef
   209:9   warning  'canvas' is not defined                      no-undef
   210:9   warning  'canvas' is not defined                      no-undef
   212:9   warning  'canvas' is not defined                      no-undef
   213:9   warning  'canvas' is not defined                      no-undef
   214:9   warning  'canvas' is not defined                      no-undef
   215:9   warning  'canvas' is not defined                      no-undef
   216:9   warning  'canvas' is not defined                      no-undef
   218:9   warning  'canvas' is not defined                      no-undef
   219:9   warning  'canvas' is not defined                      no-undef
   220:9   warning  'canvas' is not defined                      no-undef
   221:9   warning  'canvas' is not defined                      no-undef
   222:9   warning  'canvas' is not defined                      no-undef
   231:28  warning  'canvas' is not defined                      no-undef
   232:30  warning  'canvas' is not defined                      no-undef
   233:30  warning  'canvas' is not defined                      no-undef
   243:9   warning  'canvas' is not defined                      no-undef
   247:31  warning  'x' is defined but never used                no-unused-vars
   247:34  warning  'y' is defined but never used                no-unused-vars
   258:28  warning  'canvas' is not defined                      no-undef
   259:30  warning  'canvas' is not defined                      no-undef
   260:30  warning  'canvas' is not defined                      no-undef
   279:9   warning  'canvas' is not defined                      no-undef
   282:9   warning  'canvas' is not defined                      no-undef
   296:9   warning  'canvas' is not defined                      no-undef
   298:9   warning  'canvas' is not defined                      no-undef
   299:9   warning  'canvas' is not defined                      no-undef
   300:9   warning  'canvas' is not defined                      no-undef
   301:9   warning  'canvas' is not defined                      no-undef
   302:9   warning  'canvas' is not defined                      no-undef
   303:9   warning  'canvas' is not defined                      no-undef
   304:9   warning  'canvas' is not defined                      no-undef
   306:9   warning  'canvas' is not defined                      no-undef
   307:9   warning  'canvas' is not defined                      no-undef
   308:9   warning  'canvas' is not defined                      no-undef
   309:9   warning  'canvas' is not defined                      no-undef
   310:9   warning  'canvas' is not defined                      no-undef
   311:9   warning  'canvas' is not defined                      no-undef
   312:9   warning  'canvas' is not defined                      no-undef
   313:9   warning  'canvas' is not defined                      no-undef
   314:9   warning  'canvas' is not defined                      no-undef
   315:9   warning  'canvas' is not defined                      no-undef
   316:9   warning  'canvas' is not defined                      no-undef
   317:9   warning  'canvas' is not defined                      no-undef
   319:9   warning  'canvas' is not defined                      no-undef
   320:9   warning  'canvas' is not defined                      no-undef
   321:9   warning  'canvas' is not defined                      no-undef
   322:9   warning  'canvas' is not defined                      no-undef
   323:9   warning  'canvas' is not defined                      no-undef
   324:9   warning  'canvas' is not defined                      no-undef
   325:9   warning  'canvas' is not defined                      no-undef
   326:9   warning  'canvas' is not defined                      no-undef
   327:9   warning  'canvas' is not defined                      no-undef
   328:9   warning  'canvas' is not defined                      no-undef
   330:9   warning  'canvas' is not defined                      no-undef
   331:9   warning  'canvas' is not defined                      no-undef
   332:9   warning  'canvas' is not defined                      no-undef
   333:9   warning  'canvas' is not defined                      no-undef
   334:9   warning  'canvas' is not defined                      no-undef
   335:9   warning  'canvas' is not defined                      no-undef
   336:9   warning  'canvas' is not defined                      no-undef
   337:9   warning  'canvas' is not defined                      no-undef
   338:9   warning  'canvas' is not defined                      no-undef
   339:9   warning  'canvas' is not defined                      no-undef
   341:9   warning  'canvas' is not defined                      no-undef
   342:9   warning  'canvas' is not defined                      no-undef
   343:9   warning  'canvas' is not defined                      no-undef
   344:9   warning  'canvas' is not defined                      no-undef
   345:9   warning  'canvas' is not defined                      no-undef
   346:9   warning  'canvas' is not defined                      no-undef
   347:9   warning  'canvas' is not defined                      no-undef
   348:9   warning  'canvas' is not defined                      no-undef
   349:9   warning  'canvas' is not defined                      no-undef
   350:9   warning  'canvas' is not defined                      no-undef
   352:9   warning  'canvas' is not defined                      no-undef
   353:9   warning  'canvas' is not defined                      no-undef
   354:9   warning  'canvas' is not defined                      no-undef
   355:9   warning  'canvas' is not defined                      no-undef
   356:9   warning  'canvas' is not defined                      no-undef
   357:9   warning  'canvas' is not defined                      no-undef
   358:9   warning  'canvas' is not defined                      no-undef
   359:9   warning  'canvas' is not defined                      no-undef
   360:9   warning  'canvas' is not defined                      no-undef
   361:9   warning  'canvas' is not defined                      no-undef
   363:9   warning  'canvas' is not defined                      no-undef
   364:9   warning  'canvas' is not defined                      no-undef
   365:9   warning  'canvas' is not defined                      no-undef
   366:9   warning  'canvas' is not defined                      no-undef
   367:9   warning  'canvas' is not defined                      no-undef
   368:9   warning  'canvas' is not defined                      no-undef
   369:9   warning  'canvas' is not defined                      no-undef
   370:9   warning  'canvas' is not defined                      no-undef
   371:9   warning  'canvas' is not defined                      no-undef
   372:9   warning  'canvas' is not defined                      no-undef
   374:9   warning  'canvas' is not defined                      no-undef
   375:9   warning  'canvas' is not defined                      no-undef
   376:9   warning  'canvas' is not defined                      no-undef
   377:9   warning  'canvas' is not defined                      no-undef
   378:9   warning  'canvas' is not defined                      no-undef
   379:9   warning  'canvas' is not defined                      no-undef
   380:9   warning  'canvas' is not defined                      no-undef
   381:9   warning  'canvas' is not defined                      no-undef
   382:9   warning  'canvas' is not defined                      no-undef
   383:9   warning  'canvas' is not defined                      no-undef
   385:9   warning  'canvas' is not defined                      no-undef
   386:9   warning  'canvas' is not defined                      no-undef
   387:9   warning  'canvas' is not defined                      no-undef
   388:9   warning  'canvas' is not defined                      no-undef
   389:9   warning  'canvas' is not defined                      no-undef
   390:9   warning  'canvas' is not defined                      no-undef
   391:9   warning  'canvas' is not defined                      no-undef
   392:9   warning  'canvas' is not defined                      no-undef
   393:9   warning  'canvas' is not defined                      no-undef
   394:9   warning  'canvas' is not defined                      no-undef
   396:9   warning  'canvas' is not defined                      no-undef
   397:9   warning  'canvas' is not defined                      no-undef
   398:9   warning  'canvas' is not defined                      no-undef
   399:9   warning  'canvas' is not defined                      no-undef
   400:9   warning  'canvas' is not defined                      no-undef
   401:9   warning  'canvas' is not defined                      no-undef
   402:9   warning  'canvas' is not defined                      no-undef
   403:9   warning  'canvas' is not defined                      no-undef
   404:9   warning  'canvas' is not defined                      no-undef
   405:9   warning  'canvas' is not defined                      no-undef
   407:9   warning  'canvas' is not defined                      no-undef
   408:9   warning  'canvas' is not defined                      no-undef
   409:9   warning  'canvas' is not defined                      no-undef
   410:9   warning  'canvas' is not defined                      no-undef
   411:9   warning  'canvas' is not defined                      no-undef
   412:9   warning  'canvas' is not defined                      no-undef
   413:9   warning  'canvas' is not defined                      no-undef
   414:9   warning  'canvas' is not defined                      no-undef
   415:9   warning  'canvas' is not defined                      no-undef
   416:9   warning  'canvas' is not defined                      no-undef
   420:9   warning  'canvas' is not defined                      no-undef
   421:9   warning  'canvas' is not defined                      no-undef
   422:9   warning  'canvas' is not defined                      no-undef
   444:9   warning  'canvas' is not defined                      no-undef
   454:24  warning  'canvas' is not defined                      no-undef
   455:24  warning  'canvas' is not defined                      no-undef
   465:9   warning  'canvas' is not defined                      no-undef
   466:9   warning  'canvas' is not defined                      no-undef
   468:9   warning  'canvas' is not defined                      no-undef
   469:9   warning  'canvas' is not defined                      no-undef
   470:9   warning  'canvas' is not defined                      no-undef
   471:9   warning  'canvas' is not defined                      no-undef
   472:9   warning  'canvas' is not defined                      no-undef
   474:9   warning  'canvas' is not defined                      no-undef
   475:9   warning  'canvas' is not defined                      no-undef
   476:9   warning  'canvas' is not defined                      no-undef
   477:9   warning  'canvas' is not defined                      no-undef
   478:9   warning  'canvas' is not defined                      no-undef
   480:9   warning  'canvas' is not defined                      no-undef
   481:9   warning  'canvas' is not defined                      no-undef
   482:9   warning  'canvas' is not defined                      no-undef
   483:9   warning  'canvas' is not defined                      no-undef
   484:9   warning  'canvas' is not defined                      no-undef
   486:9   warning  'canvas' is not defined                      no-undef
   487:9   warning  'canvas' is not defined                      no-undef
   488:9   warning  'canvas' is not defined                      no-undef
   489:9   warning  'canvas' is not defined                      no-undef
   490:9   warning  'canvas' is not defined                      no-undef
   492:9   warning  'canvas' is not defined                      no-undef
   493:9   warning  'canvas' is not defined                      no-undef
   494:9   warning  'canvas' is not defined                      no-undef
   495:9   warning  'canvas' is not defined                      no-undef
   496:9   warning  'canvas' is not defined                      no-undef
   498:9   warning  'canvas' is not defined                      no-undef
   499:9   warning  'canvas' is not defined                      no-undef
   500:9   warning  'canvas' is not defined                      no-undef
   501:9   warning  'canvas' is not defined                      no-undef
   502:9   warning  'canvas' is not defined                      no-undef
   526:29  warning  'canvas' is not defined                      no-undef
   527:29  warning  'canvas' is not defined                      no-undef
   530:14  warning  'canvas' is not defined                      no-undef
   531:14  warning  'canvas' is not defined                      no-undef
   532:14  warning  'canvas' is not defined                      no-undef
   533:14  warning  'canvas' is not defined                      no-undef
   534:14  warning  'canvas' is not defined                      no-undef
   535:14  warning  'canvas' is not defined                      no-undef
   537:14  warning  'canvas' is not defined                      no-undef
   538:14  warning  'canvas' is not defined                      no-undef
   539:14  warning  'canvas' is not defined                      no-undef
   540:14  warning  'canvas' is not defined                      no-undef
   541:14  warning  'canvas' is not defined                      no-undef
   542:14  warning  'canvas' is not defined                      no-undef
   544:14  warning  'canvas' is not defined                      no-undef
   545:14  warning  'canvas' is not defined                      no-undef
   546:14  warning  'canvas' is not defined                      no-undef
   547:14  warning  'canvas' is not defined                      no-undef
   548:14  warning  'canvas' is not defined                      no-undef
   549:14  warning  'canvas' is not defined                      no-undef
   551:14  warning  'canvas' is not defined                      no-undef
   552:14  warning  'canvas' is not defined                      no-undef
   553:14  warning  'canvas' is not defined                      no-undef
   554:14  warning  'canvas' is not defined                      no-undef
   555:14  warning  'canvas' is not defined                      no-undef
   556:14  warning  'canvas' is not defined                      no-undef
   558:14  warning  'canvas' is not defined                      no-undef
   559:14  warning  'canvas' is not defined                      no-undef
   560:14  warning  'canvas' is not defined                      no-undef
   561:14  warning  'canvas' is not defined                      no-undef
   562:14  warning  'canvas' is not defined                      no-undef
   563:14  warning  'canvas' is not defined                      no-undef
   565:14  warning  'canvas' is not defined                      no-undef
   566:14  warning  'canvas' is not defined                      no-undef
   567:14  warning  'canvas' is not defined                      no-undef
   568:14  warning  'canvas' is not defined                      no-undef
   569:14  warning  'canvas' is not defined                      no-undef
   570:14  warning  'canvas' is not defined                      no-undef
   601:24  warning  'canvas' is not defined                      no-undef
   602:24  warning  'canvas' is not defined                      no-undef
   607:9   warning  'canvas' is not defined                      no-undef
   608:9   warning  'canvas' is not defined                      no-undef
   609:9   warning  'canvas' is not defined                      no-undef
   610:9   warning  'canvas' is not defined                      no-undef
   611:9   warning  'canvas' is not defined                      no-undef
   612:9   warning  'canvas' is not defined                      no-undef
   614:9   warning  'canvas' is not defined                      no-undef
   615:9   warning  'canvas' is not defined                      no-undef
   616:9   warning  'canvas' is not defined                      no-undef
   617:9   warning  'canvas' is not defined                      no-undef
   618:9   warning  'canvas' is not defined                      no-undef
   619:9   warning  'canvas' is not defined                      no-undef
   621:9   warning  'canvas' is not defined                      no-undef
   622:9   warning  'canvas' is not defined                      no-undef
   623:9   warning  'canvas' is not defined                      no-undef
   624:9   warning  'canvas' is not defined                      no-undef
   625:9   warning  'canvas' is not defined                      no-undef
   626:9   warning  'canvas' is not defined                      no-undef
   628:9   warning  'canvas' is not defined                      no-undef
   629:9   warning  'canvas' is not defined                      no-undef
   630:9   warning  'canvas' is not defined                      no-undef
   658:24  warning  'canvas' is not defined                      no-undef
   659:24  warning  'canvas' is not defined                      no-undef
   660:24  warning  'canvas' is not defined                      no-undef
   669:9   warning  'canvas' is not defined                      no-undef
   670:13  warning  'canvas' is not defined                      no-undef
   671:13  warning  'canvas' is not defined                      no-undef
   672:13  warning  'canvas' is not defined                      no-undef
   673:13  warning  'canvas' is not defined                      no-undef
   674:13  warning  'canvas' is not defined                      no-undef
   676:9   warning  'canvas' is not defined                      no-undef
   677:13  warning  'canvas' is not defined                      no-undef
   678:13  warning  'canvas' is not defined                      no-undef
   679:13  warning  'canvas' is not defined                      no-undef
   680:13  warning  'canvas' is not defined                      no-undef
   681:13  warning  'canvas' is not defined                      no-undef
   683:9   warning  'canvas' is not defined                      no-undef
   684:9   warning  'canvas' is not defined                      no-undef
   685:9   warning  'canvas' is not defined                      no-undef
   686:9   warning  'canvas' is not defined                      no-undef
   687:9   warning  'canvas' is not defined                      no-undef
   688:9   warning  'canvas' is not defined                      no-undef
   690:9   warning  'canvas' is not defined                      no-undef
   691:13  warning  'canvas' is not defined                      no-undef
   692:13  warning  'canvas' is not defined                      no-undef
   715:24  warning  'canvas' is not defined                      no-undef
   716:24  warning  'canvas' is not defined                      no-undef
   718:9   warning  'canvas' is not defined                      no-undef
   719:9   warning  'canvas' is not defined                      no-undef
   720:9   warning  'canvas' is not defined                      no-undef
   721:9   warning  'canvas' is not defined                      no-undef
   722:9   warning  'canvas' is not defined                      no-undef
   723:9   warning  'canvas' is not defined                      no-undef
   735:34  warning  Empty block statement                        no-empty
   744:5   warning  'Canvas' is assigned a value but never used  no-unused-vars
   750:19  warning  'h' is not defined                           no-undef
   771:38  warning  'canvas' is not defined                      no-undef
   771:52  warning  'canvas' is not defined                      no-undef
   800:9   warning  'terminal' is not defined                    no-undef
   803:13  warning  'canvas' is not defined                      no-undef
   804:17  warning  'canvas' is not defined                      no-undef
   804:39  warning  'canvas' is not defined                      no-undef
   805:17  warning  'canvas' is not defined                      no-undef
   806:17  warning  'terminal' is not defined                    no-undef
   811:13  warning  'canvas' is not defined                      no-undef
   812:13  warning  'canvas' is not defined                      no-undef
   812:33  warning  'canvas' is not defined                      no-undef
   813:13  warning  'canvas' is not defined                      no-undef
   814:13  warning  'terminal' is not defined                    no-undef
   818:29  warning  'buttons' is not defined                     no-undef
   819:31  warning  'buttons' is not defined                     no-undef
   827:9   warning  'terminal' is not defined                    no-undef
   831:29  warning  'buttons' is not defined                     no-undef
   832:31  warning  'buttons' is not defined                     no-undef
   840:9   warning  'terminal' is not defined                    no-undef
   848:5   warning  'canvas' is not defined                      no-undef
   867:25  warning  'buttons' is not defined                     no-undef
   868:9   warning  'buttons' is not defined                     no-undef
   873:21  warning  'canvas' is not defined                      no-undef
   876:21  warning  'canvas' is not defined                      no-undef
   879:21  warning  'canvas' is not defined                      no-undef
   882:21  warning  'canvas' is not defined                      no-undef
   885:21  warning  'canvas' is not defined                      no-undef
   888:21  warning  'canvas' is not defined                      no-undef
   891:21  warning  'canvas' is not defined                      no-undef
   894:21  warning  'canvas' is not defined                      no-undef
   897:21  warning  'canvas' is not defined                      no-undef
   900:21  warning  'canvas' is not defined                      no-undef
   903:21  warning  'canvas' is not defined                      no-undef
   906:21  warning  'canvas' is not defined                      no-undef
   909:21  warning  'canvas' is not defined                      no-undef
   912:21  warning  'canvas' is not defined                      no-undef
   923:17  warning  'canvas' is not defined                      no-undef
   926:17  warning  'canvas' is not defined                      no-undef
   938:13  warning  'canvas' is not defined                      no-undef
   939:13  warning  'canvas' is not defined                      no-undef
   939:43  warning  'canvas' is not defined                      no-undef
   940:13  warning  'canvas' is not defined                      no-undef
   941:20  warning  'canvas' is not defined                      no-undef
   942:34  warning  'canvas' is not defined                      no-undef
   943:13  warning  'canvas' is not defined                      no-undef
   944:20  warning  'canvas' is not defined                      no-undef
   946:13  warning  'canvas' is not defined                      no-undef
   947:13  warning  'canvas' is not defined                      no-undef
   948:20  warning  'canvas' is not defined                      no-undef
   949:17  warning  'temp' is already defined                    no-redeclare
   950:13  warning  'canvas' is not defined                      no-undef
   951:13  warning  'canvas' is not defined                      no-undef
   952:20  warning  'canvas' is not defined                      no-undef
   958:17  warning  'canvas' is not defined                      no-undef
   959:17  warning  'canvas' is not defined                      no-undef
   967:20  warning  'canvas' is not defined                      no-undef
   968:17  warning  'temp' is already defined                    no-redeclare
   969:13  warning  'canvas' is not defined                      no-undef
   970:13  warning  'canvas' is not defined                      no-undef
   971:20  warning  'canvas' is not defined                      no-undef
   972:13  warning  'canvas' is not defined                      no-undef
   973:13  warning  'canvas' is not defined                      no-undef
   974:20  warning  'canvas' is not defined                      no-undef
   975:13  warning  'canvas' is not defined                      no-undef
   976:13  warning  'canvas' is not defined                      no-undef
   978:18  warning  'canvas' is not defined                      no-undef
   979:13  warning  'canvas' is not defined                      no-undef
   980:13  warning  'canvas' is not defined                      no-undef
   983:13  warning  'canvas' is not defined                      no-undef
   984:17  warning  'canvas' is not defined                      no-undef
   985:17  warning  'canvas' is not defined                      no-undef
   986:24  warning  'canvas' is not defined                      no-undef
   987:17  warning  'canvas' is not defined                      no-undef
   991:17  warning  'canvas' is not defined                      no-undef
   992:5   warning  'canvas' is not defined                      no-undef
  1001:21  warning  'canvas' is not defined                      no-undef
  1002:13  warning  'canvas' is not defined                      no-undef
  1003:17  warning  'canvas' is not defined                      no-undef
  1004:17  warning  'canvas' is not defined                      no-undef
  1004:41  warning  'canvas' is not defined                      no-undef
  1005:33  warning  'canvas' is not defined                      no-undef
  1005:64  warning  'canvas' is not defined                      no-undef
  1008:17  warning  'canvas' is not defined                      no-undef
  1009:17  warning  'canvas' is not defined                      no-undef
  1011:20  warning  'canvas' is not defined                      no-undef
  1012:17  warning  'canvas' is not defined                      no-undef
  1013:17  warning  'canvas' is not defined                      no-undef
  1013:41  warning  'canvas' is not defined                      no-undef
  1014:33  warning  'canvas' is not defined                      no-undef
  1014:64  warning  'canvas' is not defined                      no-undef
  1016:24  warning  'canvas' is not defined                      no-undef
  1017:17  warning  'canvas' is not defined                      no-undef
  1017:41  warning  'canvas' is not defined                      no-undef
  1018:33  warning  'canvas' is not defined                      no-undef
  1018:64  warning  'canvas' is not defined                      no-undef
  1020:24  warning  'canvas' is not defined                      no-undef
  1021:17  warning  'canvas' is not defined                      no-undef
  1021:41  warning  'canvas' is not defined                      no-undef
  1022:33  warning  'canvas' is not defined                      no-undef
  1022:64  warning  'canvas' is not defined                      no-undef
  1025:17  warning  'canvas' is not defined                      no-undef
  1026:17  warning  'canvas' is not defined                      no-undef
  1028:17  warning  'canvas' is not defined                      no-undef
  1029:17  warning  'canvas' is not defined                      no-undef
  1029:41  warning  'canvas' is not defined                      no-undef
  1033:17  warning  'canvas' is not defined                      no-undef
  1034:17  warning  'canvas' is not defined                      no-undef
  1036:20  warning  'canvas' is not defined                      no-undef
  1037:17  warning  'canvas' is not defined                      no-undef
  1038:17  warning  'canvas' is not defined                      no-undef
  1038:41  warning  'canvas' is not defined                      no-undef
  1039:33  warning  'canvas' is not defined                      no-undef
  1039:64  warning  'canvas' is not defined                      no-undef
  1041:24  warning  'canvas' is not defined                      no-undef
  1042:17  warning  'canvas' is not defined                      no-undef
  1042:41  warning  'canvas' is not defined                      no-undef
  1043:33  warning  'canvas' is not defined                      no-undef
  1043:64  warning  'canvas' is not defined                      no-undef
  1046:17  warning  'canvas' is not defined                      no-undef
  1047:17  warning  'canvas' is not defined                      no-undef
  1049:17  warning  'canvas' is not defined                      no-undef
  1050:17  warning  'canvas' is not defined                      no-undef
  1050:41  warning  'canvas' is not defined                      no-undef
  1054:17  warning  'canvas' is not defined                      no-undef
  1055:17  warning  'canvas' is not defined                      no-undef
  1057:20  warning  'canvas' is not defined                      no-undef
  1058:17  warning  'canvas' is not defined                      no-undef
  1059:17  warning  'canvas' is not defined                      no-undef
  1059:41  warning  'canvas' is not defined                      no-undef
  1060:33  warning  'canvas' is not defined                      no-undef
  1060:64  warning  'canvas' is not defined                      no-undef
  1062:24  warning  'canvas' is not defined                      no-undef
  1063:17  warning  'canvas' is not defined                      no-undef
  1063:41  warning  'canvas' is not defined                      no-undef
  1064:33  warning  'canvas' is not defined                      no-undef
  1064:64  warning  'canvas' is not defined                      no-undef
  1067:17  warning  'canvas' is not defined                      no-undef
  1068:17  warning  'canvas' is not defined                      no-undef
  1070:17  warning  'canvas' is not defined                      no-undef
  1071:17  warning  'canvas' is not defined                      no-undef
  1071:41  warning  'canvas' is not defined                      no-undef
  1075:17  warning  'canvas' is not defined                      no-undef
  1076:17  warning  'canvas' is not defined                      no-undef
  1078:20  warning  'canvas' is not defined                      no-undef
  1079:17  warning  'canvas' is not defined                      no-undef
  1080:17  warning  'canvas' is not defined                      no-undef
  1080:41  warning  'canvas' is not defined                      no-undef
  1081:33  warning  'canvas' is not defined                      no-undef
  1081:64  warning  'canvas' is not defined                      no-undef
  1083:24  warning  'canvas' is not defined                      no-undef
  1084:17  warning  'canvas' is not defined                      no-undef
  1084:41  warning  'canvas' is not defined                      no-undef
  1085:33  warning  'canvas' is not defined                      no-undef
  1085:64  warning  'canvas' is not defined                      no-undef
  1088:17  warning  'canvas' is not defined                      no-undef
  1089:17  warning  'canvas' is not defined                      no-undef
  1091:17  warning  'canvas' is not defined                      no-undef
  1092:17  warning  'canvas' is not defined                      no-undef
  1092:41  warning  'canvas' is not defined                      no-undef
  1096:17  warning  'canvas' is not defined                      no-undef
  1097:17  warning  'canvas' is not defined                      no-undef
  1099:20  warning  'canvas' is not defined                      no-undef
  1100:17  warning  'canvas' is not defined                      no-undef
  1101:17  warning  'canvas' is not defined                      no-undef
  1101:41  warning  'canvas' is not defined                      no-undef
  1102:33  warning  'canvas' is not defined                      no-undef
  1102:64  warning  'canvas' is not defined                      no-undef
  1104:24  warning  'canvas' is not defined                      no-undef
  1105:17  warning  'canvas' is not defined                      no-undef
  1105:41  warning  'canvas' is not defined                      no-undef
  1106:33  warning  'canvas' is not defined                      no-undef
  1106:64  warning  'canvas' is not defined                      no-undef
  1108:24  warning  'canvas' is not defined                      no-undef
  1109:17  warning  'canvas' is not defined                      no-undef
  1109:41  warning  'canvas' is not defined                      no-undef
  1110:33  warning  'canvas' is not defined                      no-undef
  1110:64  warning  'canvas' is not defined                      no-undef
  1113:17  warning  'canvas' is not defined                      no-undef
  1114:17  warning  'canvas' is not defined                      no-undef
  1116:17  warning  'canvas' is not defined                      no-undef
  1117:17  warning  'canvas' is not defined                      no-undef
  1117:41  warning  'canvas' is not defined                      no-undef
  1121:17  warning  'canvas' is not defined                      no-undef
  1122:17  warning  'canvas' is not defined                      no-undef
  1124:20  warning  'canvas' is not defined                      no-undef
  1125:17  warning  'canvas' is not defined                      no-undef
  1126:17  warning  'canvas' is not defined                      no-undef
  1126:41  warning  'canvas' is not defined                      no-undef
  1127:33  warning  'canvas' is not defined                      no-undef
  1127:64  warning  'canvas' is not defined                      no-undef
  1129:24  warning  'canvas' is not defined                      no-undef
  1130:17  warning  'canvas' is not defined                      no-undef
  1130:41  warning  'canvas' is not defined                      no-undef
  1131:33  warning  'canvas' is not defined                      no-undef
  1131:64  warning  'canvas' is not defined                      no-undef
  1134:17  warning  'canvas' is not defined                      no-undef
  1135:17  warning  'canvas' is not defined                      no-undef
  1137:17  warning  'canvas' is not defined                      no-undef
  1138:17  warning  'canvas' is not defined                      no-undef
  1138:41  warning  'canvas' is not defined                      no-undef
  1142:17  warning  'canvas' is not defined                      no-undef
  1143:17  warning  'canvas' is not defined                      no-undef
  1145:20  warning  'canvas' is not defined                      no-undef
  1146:17  warning  'canvas' is not defined                      no-undef
  1147:17  warning  'canvas' is not defined                      no-undef
  1147:41  warning  'canvas' is not defined                      no-undef
  1148:33  warning  'canvas' is not defined                      no-undef
  1148:64  warning  'canvas' is not defined                      no-undef
  1150:24  warning  'canvas' is not defined                      no-undef
  1151:17  warning  'canvas' is not defined                      no-undef
  1151:41  warning  'canvas' is not defined                      no-undef
  1152:33  warning  'canvas' is not defined                      no-undef
  1152:64  warning  'canvas' is not defined                      no-undef
  1155:17  warning  'canvas' is not defined                      no-undef
  1156:17  warning  'canvas' is not defined                      no-undef
  1158:17  warning  'canvas' is not defined                      no-undef
  1159:17  warning  'canvas' is not defined                      no-undef
  1159:41  warning  'canvas' is not defined                      no-undef
  1163:17  warning  'canvas' is not defined                      no-undef
  1164:17  warning  'canvas' is not defined                      no-undef
  1178:9   warning  'canvas' is not defined                      no-undef
  1186:5   warning  'canvas' is not defined                      no-undef
  1187:5   warning  'canvas' is not defined                      no-undef
  1188:5   warning  'canvas' is not defined                      no-undef
  1189:5   warning  'canvas' is not defined                      no-undef
  1190:5   warning  'canvas' is not defined                      no-undef

/home/runner/work/exp-energy-band-gap-iitk/exp-energy-band-gap-iitk/experiment/simulation/js/jquery.min.js
  2:71     warning  'module' is not defined                                                    no-undef
  2:86     warning  'module' is not defined                                                    no-undef
  2:5433   warning  Unexpected control character(s) in regular expression: \x1f, \x1f          no-control-regex
  2:5916   warning  Expected a conditional expression and instead saw an assignment            no-cond-assign
  2:6170   warning  Expected a conditional expression and instead saw an assignment            no-cond-assign
  2:6614   warning  Expected a conditional expression and instead saw an assignment            no-cond-assign
  2:7404   warning  Expected a conditional expression and instead saw an assignment            no-cond-assign
  2:9497   warning  Expected a conditional expression and instead saw an assignment            no-cond-assign
  2:9807   warning  Expected a conditional expression and instead saw an assignment            no-cond-assign
  2:11608  warning  Expected a conditional expression and instead saw an assignment            no-cond-assign
  2:12183  warning  Expected a conditional expression and instead saw an assignment            no-cond-assign
  2:12221  warning  Expected a conditional expression and instead saw an assignment            no-cond-assign
  2:13234  warning  Expected a conditional expression and instead saw an assignment            no-cond-assign
  2:13546  warning  Expected a conditional expression and instead saw an assignment            no-cond-assign
  2:15374  warning  Expected a conditional expression and instead saw an assignment            no-cond-assign
  2:15645  warning  Expected a conditional expression and instead saw an assignment            no-cond-assign
  2:15843  warning  Expected a conditional expression and instead saw an assignment            no-cond-assign
  2:16217  warning  Do not access Object.prototype method 'hasOwnProperty' from target object  no-prototype-builtins
  2:16907  warning  Expected a conditional expression and instead saw an assignment            no-cond-assign
  2:18727  warning  Expected a conditional expression and instead saw an assignment            no-cond-assign
  2:18827  warning  Expected a conditional expression and instead saw an assignment            no-cond-assign
  2:18887  warning  Expected a conditional expression and instead saw an assignment            no-cond-assign
  2:19071  warning  Expected a conditional expression and instead saw an assignment            no-cond-assign
  2:20240  warning  Expected a conditional expression and instead saw an assignment            no-cond-assign
  2:21514  warning  Expected a conditional expression and instead saw an assignment            no-cond-assign
  2:21625  warning  Expected a conditional expression and instead saw an assignment            no-cond-assign
  2:23791  warning  Unnecessary escape character: \/                                           no-useless-escape
  2:33395  warning  Empty block statement                                                      no-empty
  2:37269  warning  Unnecessary escape character: \/                                           no-useless-escape
  2:38490  warning  Expected a conditional expression and instead saw an assignment            no-cond-assign
  2:38606  warning  Expected a conditional expression and instead saw an assignment            no-cond-assign
  2:39234  warning  Empty block statement                                                      no-empty
  2:46727  warning  Unnecessary escape character: \/                                           no-useless-escape
  2:49033  warning  Expected a conditional expression and instead saw an assignment            no-cond-assign
  2:50593  warning  Empty block statement                                                      no-empty
  2:58406  warning  Expected a conditional expression and instead saw an assignment            no-cond-assign
  2:59575  warning  Expected a conditional expression and instead saw an assignment            no-cond-assign
  2:65215  warning  Expected a conditional expression and instead saw an assignment            no-cond-assign
  2:66958  warning  Expected a conditional expression and instead saw an assignment            no-cond-assign
  2:67024  warning  Expected a conditional expression and instead saw an assignment            no-cond-assign
  2:67328  warning  Expected a conditional expression and instead saw an assignment            no-cond-assign
  2:67394  warning  Expected a conditional expression and instead saw an assignment            no-cond-assign
  2:67801  warning  Expected a conditional expression and instead saw an assignment            no-cond-assign
  2:68078  warning  Expected a conditional expression and instead saw an assignment            no-cond-assign
  2:73449  warning  Expected a conditional expression and instead saw an assignment            no-cond-assign
  2:75043  warning  Expected a conditional expression and instead saw an assignment            no-cond-assign
  2:75823  warning  'r.href' is assigned to itself                                             no-self-assign
  2:80414  warning  Empty block statement                                                      no-empty
  2:83525  warning  Expected a conditional expression and instead saw an assignment            no-cond-assign
  2:87869  warning  'define' is not defined                                                    no-undef
  2:87881  warning  'define' is not defined                                                    no-undef

/home/runner/work/exp-energy-band-gap-iitk/exp-energy-band-gap-iitk/experiment/simulation/js/popper.min.js
  4:72     warning  'module' is not defined           no-undef
  4:118    warning  'define' is not defined           no-undef
  4:129    warning  'define' is not defined           no-undef
  4:2812   warning  Empty block statement             no-empty
  4:10441  warning  Unnecessary escape character: \-  no-useless-escape
  4:10884  warning  Unnecessary escape character: \-  no-useless-escape
  4:14603  warning  'global' is not defined           no-undef

✖ 596 problems (0 errors, 596 warnings)

